Info : Unable to match requested speed 1000 kHz, using 950 kHz
Info : Unable to match requested speed 1000 kHz, using 950 kHz
Info : clock speed 950 kHz
Info : STLINK v2 JTAG v29 API v2 SWIM v7 VID 0x0483 PID 0x3748
Info : using stlink api v2
Info : Target voltage: 1.615889
Info : stm32f1x.cpu: hardware has 6 breakpoints, 4 watchpoints
Info : accepting 'gdb' connection from pipe
Info : device id = 0x20036410
Info : flash size = 64kbytes
undefined debug reason 7 - target needs reset
===== arm v7m registers
(0) r0 (/32)
(1) r1 (/32)
(2) r2 (/32)
(3) r3 (/32)
(4) r4 (/32)
(5) r5 (/32)
(6) r6 (/32)
(7) r7 (/32)
(8) r8 (/32)
(9) r9 (/32)
(10) r10 (/32)
(11) r11 (/32)
(12) r12 (/32)
(13) sp (/32)
(14) lr (/32)
(15) pc (/32)
(16) xPSR (/32)
(17) msp (/32)
(18) psp (/32)
(19) primask (/1)
(20) basepri (/8)
(21) faultmask (/1)
(22) control (/2)
===== Cortex-M DWT registers
(23) dwt_ctrl (/32)
(24) dwt_cyccnt (/32)
(25) dwt_0_comp (/32)
(26) dwt_0_mask (/4)
(27) dwt_0_function (/32)
(28) dwt_1_comp (/32)
(29) dwt_1_mask (/4)
(30) dwt_1_function (/32)
(31) dwt_2_comp (/32)
(32) dwt_2_mask (/4)
(33) dwt_2_function (/32)
(34) dwt_3_comp (/32)
(35) dwt_3_mask (/4)
(36) dwt_3_function (/32)
target halted due to debug-request, current mode: Thread 
xPSR: 0x01000000 pc: 0x08005ec8 msp: 0x20005000
Info : dropped 'gdb' connection
